sample.interval=20000
"f" "doTryCatch" "tryCatchOne" "tryCatchList" "tryCatch" "withCallingHandlers" ".rs.callAs" "Rprof" 
"as.list" "constantFoldCall" "constantFold" "constantFoldCall" "constantFold" "constantFoldCall" "constantFold" "cmp" "h" "tryInline" "cmpCall" "cmp" "h" "tryInline" "cmpCall" "cmp" "genCode" "cmpfun" "doTryCatch" "tryCatchOne" "tryCatchList" "tryCatch" "compiler:::tryCmpfun" "simulation_rendements_avec_changement_GARCH" "FUN" "lapply" "structure" "llply" "laply" 
"findCenvVar" "getInlineInfo" "tryInline" "cmpCall" "cmp" "h" "tryInline" "cmpCall" "cmp" "cmpPrim2" "h" "tryInline" "cmpCall" "cmp" "cmpIndices" "cmpSubsetDispatch" "h" "tryInline" "cmpCall" "cmp" "cmpBuiltinArgs" "h" "tryInline" "cmpCall" "cmp" "cmpSymbolAssign" "h" "tryInline" "cmpCall" "cmp" "h" "tryInline" "cmpCall" "cmp" "genCode" "cmpfun" "doTryCatch" "tryCatchOne" "tryCatchList" "tryCatch" "compiler:::tryCmpfun" "func_backtest" "FUN" "lapply" "structure" "llply" "laply" 
"simu_sigma2" "f" "R" "fn" "<Anonymous>" ".External2" "optim" "constrOptim" "QML" "func_backtest" "FUN" "lapply" "structure" "llply" "laply" 
"simu_sigma2" "f" "R" "fn" "<Anonymous>" ".External2" "optim" "constrOptim" "QML" "func_backtest" "FUN" "lapply" "structure" "llply" "laply" 
"R" "fn" "<Anonymous>" ".External2" "optim" "constrOptim" "QML" "func_backtest" "FUN" "lapply" "structure" "llply" "laply" 
"simu_sigma2" "f" "R" "fn" "<Anonymous>" ".External2" "optim" "constrOptim" "QML" "func_backtest" "FUN" "lapply" "structure" "llply" "laply" 
"simu_sigma2" "f" "R" "fn" "<Anonymous>" ".External2" "optim" "constrOptim" "QML" "func_backtest" "FUN" "lapply" "structure" "llply" "laply" 
"simu_sigma2" "f" "R" "fn" "<Anonymous>" ".External2" "optim" "constrOptim" "QML" "func_backtest" "FUN" "lapply" "structure" "llply" "laply" 
"simu_sigma2" "f" "R" "fn" "<Anonymous>" ".External2" "optim" "constrOptim" "QML" "func_backtest" "FUN" "lapply" "structure" "llply" "laply" 
"simu_sigma2" "f" "R" "fn" "<Anonymous>" ".External2" "optim" "constrOptim" "QML" "func_backtest" "FUN" "lapply" "structure" "llply" "laply" 
"simu_sigma2" "f" "R" "fn" "<Anonymous>" ".External2" "optim" "constrOptim" "QML" "func_backtest" "FUN" "lapply" "structure" "llply" "laply" 
"simu_sigma2" "f" "R" "fn" "<Anonymous>" ".External2" "optim" "constrOptim" "QML" "func_backtest" "FUN" "lapply" "structure" "llply" "laply" 
"simu_sigma2" "f" "R" "fn" "<Anonymous>" ".External2" "optim" "constrOptim" "QML" "func_backtest" "FUN" "lapply" "structure" "llply" "laply" 
"simu_sigma2" "f" "R" "fn" "<Anonymous>" ".External2" "optim" "constrOptim" "QML" "func_backtest" "FUN" "lapply" "structure" "llply" "laply" 
"simu_sigma2" "f" "R" "fn" "<Anonymous>" ".External2" "optim" "constrOptim" "QML" "func_backtest" "FUN" "lapply" "structure" "llply" "laply" 
"simu_sigma2" "f" "R" "fn" "<Anonymous>" ".External2" "optim" "constrOptim" "QML" "func_backtest" "FUN" "lapply" "structure" "llply" "laply" 
"f" "R" "fn" "<Anonymous>" ".External2" "optim" "constrOptim" "QML" "func_backtest" "FUN" "lapply" "structure" "llply" "laply" 
"simu_sigma2" "f" "R" "fn" "<Anonymous>" ".External2" "optim" "constrOptim" "QML" "func_backtest" "FUN" "lapply" "structure" "llply" "laply" 
"R" "fn" "<Anonymous>" ".External2" "optim" "constrOptim" "QML" "func_backtest" "FUN" "lapply" "structure" "llply" "laply" 
"simu_sigma2" "f" "R" "fn" "<Anonymous>" ".External2" "optim" "constrOptim" "QML" "func_backtest" "FUN" "lapply" "structure" "llply" "laply" 
"simu_sigma2" "f" "R" "fn" "<Anonymous>" ".External2" "optim" "constrOptim" "QML" "func_backtest" "FUN" "lapply" "structure" "llply" "laply" 
"simu_sigma2" "f" "R" "fn" "<Anonymous>" ".External2" "optim" "constrOptim" "QML" "func_backtest" "FUN" "lapply" "structure" "llply" "laply" 
"simu_sigma2" "f" "R" "fn" "<Anonymous>" ".External2" "optim" "constrOptim" "QML" "func_backtest" "FUN" "lapply" "structure" "llply" "laply" 
"f" "R" "fn" "<Anonymous>" ".External2" "optim" "constrOptim" "QML" "func_backtest" "FUN" "lapply" "structure" "llply" "laply" 
"simu_sigma2" "f" "R" "fn" "<Anonymous>" ".External2" "optim" "constrOptim" "QML" "func_backtest" "FUN" "lapply" "structure" "llply" "laply" 
"simu_sigma2" "f" "R" "fn" "<Anonymous>" ".External2" "optim" "constrOptim" "QML" "func_backtest" "FUN" "lapply" "structure" "llply" "laply" 
"simu_sigma2" "f" "R" "fn" "<Anonymous>" ".External2" "optim" "constrOptim" "QML" "func_backtest" "FUN" "lapply" "structure" "llply" "laply" 
"simu_sigma2" "f" "R" "fn" "<Anonymous>" ".External2" "optim" "constrOptim" "QML" "func_backtest" "FUN" "lapply" "structure" "llply" "laply" 
"simu_sigma2" "f" "R" "fn" "<Anonymous>" ".External2" "optim" "constrOptim" "QML" "func_backtest" "FUN" "lapply" "structure" "llply" "laply" 
"f" "R" "fn" "<Anonymous>" ".External2" "optim" "constrOptim" "QML" "func_backtest" "FUN" "lapply" "structure" "llply" "laply" 
"simu_sigma2" "f" "R" "fn" "<Anonymous>" ".External2" "optim" "constrOptim" "QML" "func_backtest" "FUN" "lapply" "structure" "llply" "laply" 
"R" "fn" "<Anonymous>" ".External2" "optim" "constrOptim" "QML" "func_backtest" "FUN" "lapply" "structure" "llply" "laply" 
"simu_sigma2" "f" "R" "fn" "<Anonymous>" ".External2" "optim" "constrOptim" "QML" "func_backtest" "FUN" "lapply" "structure" "llply" "laply" 
"simu_sigma2" "f" "R" "fn" "<Anonymous>" ".External2" "optim" "constrOptim" "QML" "func_backtest" "FUN" "lapply" "structure" "llply" "laply" 
"simu_sigma2" "f" "R" "fn" "<Anonymous>" ".External2" "optim" "constrOptim" "QML" "func_backtest" "FUN" "lapply" "structure" "llply" "laply" 
"simu_sigma2" "f" "R" "fn" "<Anonymous>" ".External2" "optim" "constrOptim" "QML" "func_backtest" "FUN" "lapply" "structure" "llply" "laply" 
"simu_sigma2" "f" "R" "fn" "<Anonymous>" ".External2" "optim" "constrOptim" "QML" "func_backtest" "FUN" "lapply" "structure" "llply" "laply" 
"simu_sigma2" "f" "R" "fn" "<Anonymous>" ".External2" "optim" "constrOptim" "QML" "func_backtest" "FUN" "lapply" "structure" "llply" "laply" 
"simu_sigma2" "f" "R" "fn" "<Anonymous>" ".External2" "optim" "constrOptim" "QML" "func_backtest" "FUN" "lapply" "structure" "llply" "laply" 
"simu_sigma2" "f" "R" "fn" "<Anonymous>" ".External2" "optim" "constrOptim" "QML" "func_backtest" "FUN" "lapply" "structure" "llply" "laply" 
"simu_sigma2" "f" "R" "fn" "<Anonymous>" ".External2" "optim" "constrOptim" "QML" "func_backtest" "FUN" "lapply" "structure" "llply" "laply" 
"simu_sigma2" "f" "R" "fn" "<Anonymous>" ".External2" "optim" "constrOptim" "QML" "func_backtest" "FUN" "lapply" "structure" "llply" "laply" 
"simu_sigma2" "f" "R" "fn" "<Anonymous>" ".External2" "optim" "constrOptim" "QML" "func_backtest" "FUN" "lapply" "structure" "llply" "laply" 
"sum" "R" "fn" "<Anonymous>" ".External2" "optim" "constrOptim" "QML" "func_backtest" "FUN" "lapply" "structure" "llply" "laply" 
"simu_sigma2" "f" "R" "fn" "<Anonymous>" ".External2" "optim" "constrOptim" "QML" "func_backtest" "FUN" "lapply" "structure" "llply" "laply" 
"f" "R" "fn" "<Anonymous>" ".External2" "optim" "constrOptim" "QML" "func_backtest" "FUN" "lapply" "structure" "llply" "laply" 
"simu_sigma2" "f" "R" "fn" "<Anonymous>" ".External2" "optim" "constrOptim" "QML" "func_backtest" "FUN" "lapply" "structure" "llply" "laply" 
"fn" "<Anonymous>" ".External2" "optim" "constrOptim" "QML" "func_backtest" "FUN" "lapply" "structure" "llply" "laply" 
"structure" "llply" "unlist" "which" "amv_dimnames" "list_to_array" "laply" 
"simu_sigma2" "f" "R" "fn" "<Anonymous>" ".External2" "optim" "constrOptim" "QML" "func_backtest" "FUN" "lapply" "structure" "llply" "laply" 
"simu_sigma2" "f" "R" "fn" "<Anonymous>" ".External2" "optim" "constrOptim" "QML" "func_backtest" "FUN" "lapply" "structure" "llply" "laply" 
"simu_sigma2" "f" "R" "fn" "<Anonymous>" ".External2" "optim" "constrOptim" "QML" "func_backtest" "FUN" "lapply" "structure" "llply" "laply" 
"simu_sigma2" "f" "R" "fn" "<Anonymous>" ".External2" "optim" "constrOptim" "QML" "func_backtest" "FUN" "lapply" "structure" "llply" "laply" 
"simu_sigma2" "f" "R" "fn" "<Anonymous>" ".External2" "optim" "constrOptim" "QML" "func_backtest" "FUN" "lapply" "structure" "llply" "laply" 
"simu_sigma2" "f" "R" "fn" "<Anonymous>" ".External2" "optim" "constrOptim" "QML" "func_backtest" "FUN" "lapply" "structure" "llply" "laply" 
"simu_sigma2" "f" "R" "fn" "<Anonymous>" ".External2" "optim" "constrOptim" "QML" "func_backtest" "FUN" "lapply" "structure" "llply" "laply" 
"simu_sigma2" "f" "R" "fn" "<Anonymous>" ".External2" "optim" "constrOptim" "QML" "func_backtest" "FUN" "lapply" "structure" "llply" "laply" 
"simu_sigma2" "f" "R" "fn" "<Anonymous>" ".External2" "optim" "constrOptim" "QML" "func_backtest" "FUN" "lapply" "structure" "llply" "laply" 
"simu_sigma2" "f" "R" "fn" "<Anonymous>" ".External2" "optim" "constrOptim" "QML" "func_backtest" "FUN" "lapply" "structure" "llply" "laply" 
"simu_sigma2" "f" "R" "fn" "<Anonymous>" ".External2" "optim" "constrOptim" "QML" "func_backtest" "FUN" "lapply" "structure" "llply" "laply" 
"simu_sigma2" "f" "R" "fn" "<Anonymous>" ".External2" "optim" "constrOptim" "QML" "func_backtest" "FUN" "lapply" "structure" "llply" "laply" 
"simu_sigma2" "f" "R" "fn" "<Anonymous>" ".External2" "optim" "constrOptim" "QML" "func_backtest" "FUN" "lapply" "structure" "llply" "laply" 
"simu_sigma2" "f" "R" "fn" "<Anonymous>" ".External2" "optim" "constrOptim" "QML" "func_backtest" "FUN" "lapply" "structure" "llply" "laply" 
"simu_sigma2" "f" "R" "fn" "<Anonymous>" ".External2" "optim" "constrOptim" "QML" "func_backtest" "FUN" "lapply" "structure" "llply" "laply" 
"simu_sigma2" "f" "R" "fn" "<Anonymous>" ".External2" "optim" "constrOptim" "QML" "func_backtest" "FUN" "lapply" "structure" "llply" "laply" 
"simu_sigma2" "f" "R" "fn" "<Anonymous>" ".External2" "optim" "constrOptim" "QML" "func_backtest" "FUN" "lapply" "structure" "llply" "laply" 
"simu_sigma2" "f" "R" "fn" "<Anonymous>" ".External2" "optim" "constrOptim" "QML" "func_backtest" "FUN" "lapply" "structure" "llply" "laply" 
"simu_sigma2" "f" "R" "fn" "<Anonymous>" ".External2" "optim" "constrOptim" "QML" "func_backtest" "FUN" "lapply" "structure" "llply" "laply" 
"simu_sigma2" "f" "R" "fn" "<Anonymous>" ".External2" "optim" "constrOptim" "QML" "func_backtest" "FUN" "lapply" "structure" "llply" "laply" 
"simu_sigma2" "f" "R" "fn" "<Anonymous>" ".External2" "optim" "constrOptim" "QML" "func_backtest" "FUN" "lapply" "structure" "llply" "laply" 
"R" "fn" "<Anonymous>" ".External2" "optim" "constrOptim" "QML" "func_backtest" "FUN" "lapply" "structure" "llply" "laply" 
".signalSimpleWarning" "func_backtest" "FUN" "lapply" "structure" "llply" "laply" 
"simu_sigma2" "f" "R" "fn" "<Anonymous>" ".External2" "optim" "constrOptim" "QML" "func_backtest" "FUN" "lapply" "structure" "llply" "laply" 
"simu_sigma2" "f" "R" "fn" "<Anonymous>" ".External2" "optim" "constrOptim" "QML" "func_backtest" "FUN" "lapply" "structure" "llply" "laply" 
"simu_sigma2" "f" "R" "fn" "<Anonymous>" ".External2" "optim" "constrOptim" "QML" "func_backtest" "FUN" "lapply" "structure" "llply" "laply" 
"simu_sigma2" "f" "R" "fn" "<Anonymous>" ".External2" "optim" "constrOptim" "QML" "func_backtest" "FUN" "lapply" "structure" "llply" "laply" 
"simu_sigma2" "f" "R" "fn" "<Anonymous>" ".External2" "optim" "constrOptim" "QML" "func_backtest" "FUN" "lapply" "structure" "llply" "laply" 
"simu_sigma2" "f" "R" "fn" "<Anonymous>" ".External2" "optim" "constrOptim" "QML" "func_backtest" "FUN" "lapply" "structure" "llply" "laply" 
"simu_sigma2" "f" "R" "fn" "<Anonymous>" ".External2" "optim" "constrOptim" "QML" "func_backtest" "FUN" "lapply" "structure" "llply" "laply" 
"simu_sigma2" "f" "R" "fn" "<Anonymous>" ".External2" "optim" "constrOptim" "QML" "func_backtest" "FUN" "lapply" "structure" "llply" "laply" 
"simu_sigma2" "f" "R" "fn" "<Anonymous>" ".External2" "optim" "constrOptim" "QML" "func_backtest" "FUN" "lapply" "structure" "llply" "laply" 
"simu_sigma2" "f" "R" "fn" "<Anonymous>" ".External2" "optim" "constrOptim" "QML" "func_backtest" "FUN" "lapply" "structure" "llply" "laply" 
"simu_sigma2" "f" "R" "fn" "<Anonymous>" ".External2" "optim" "constrOptim" "QML" "func_backtest" "FUN" "lapply" "structure" "llply" "laply" 
"simu_sigma2" "f" "R" "fn" "<Anonymous>" ".External2" "optim" "constrOptim" "QML" "func_backtest" "FUN" "lapply" "structure" "llply" "laply" 
"simu_sigma2" "f" "R" "fn" "<Anonymous>" ".External2" "optim" "constrOptim" "QML" "func_backtest" "FUN" "lapply" "structure" "llply" "laply" 
"simu_sigma2" "f" "R" "fn" "<Anonymous>" ".External2" "optim" "constrOptim" "QML" "func_backtest" "FUN" "lapply" "structure" "llply" "laply" 
"simu_sigma2" "f" "R" "fn" "<Anonymous>" ".External2" "optim" "constrOptim" "QML" "func_backtest" "FUN" "lapply" "structure" "llply" "laply" 
"simu_sigma2" "f" "R" "fn" "<Anonymous>" ".External2" "optim" "constrOptim" "QML" "func_backtest" "FUN" "lapply" "structure" "llply" "laply" 
"simu_sigma2" "f" "R" "fn" "<Anonymous>" ".External2" "optim" "constrOptim" "QML" "func_backtest" "FUN" "lapply" "structure" "llply" "laply" 
"simu_sigma2" "f" "R" "fn" "<Anonymous>" ".External2" "optim" "constrOptim" "QML" "func_backtest" "FUN" "lapply" "structure" "llply" "laply" 
"simu_sigma2" "f" "R" "fn" "<Anonymous>" ".External2" "optim" "constrOptim" "QML" "func_backtest" "FUN" "lapply" "structure" "llply" "laply" 
"simu_sigma2" "f" "R" "fn" "<Anonymous>" ".External2" "optim" "constrOptim" "QML" "func_backtest" "FUN" "lapply" "structure" "llply" "laply" 
"simu_sigma2" "f" "R" "constrOptim" "QML" "func_backtest" "FUN" "lapply" "structure" "llply" "laply" 
"simu_sigma2" "f" "R" "fn" "<Anonymous>" ".External2" "optim" "constrOptim" "QML" "func_backtest" "FUN" "lapply" "structure" "llply" "laply" 
"simu_sigma2" "func_backtest" "FUN" "lapply" "structure" "llply" "laply" 
"simu_sigma2" "f" "R" "fn" "<Anonymous>" ".External2" "optim" "constrOptim" "QML" "func_backtest" "FUN" "lapply" "structure" "llply" "laply" 
"simu_sigma2" "f" "R" "fn" "<Anonymous>" ".External2" "optim" "constrOptim" "QML" "func_backtest" "FUN" "lapply" "structure" "llply" "laply" 
"simu_sigma2" "f" "R" "fn" "<Anonymous>" ".External2" "optim" "constrOptim" "QML" "func_backtest" "FUN" "lapply" "structure" "llply" "laply" 
"simu_sigma2" "f" "R" "fn" "<Anonymous>" ".External2" "optim" "constrOptim" "QML" "func_backtest" "FUN" "lapply" "structure" "llply" "laply" 
"simu_sigma2" "f" "R" "fn" "<Anonymous>" ".External2" "optim" "constrOptim" "QML" "func_backtest" "FUN" "lapply" "structure" "llply" "laply" 
"simu_sigma2" "f" "R" "fn" "<Anonymous>" ".External2" "optim" "constrOptim" "QML" "func_backtest" "FUN" "lapply" "structure" "llply" "laply" 
"simu_sigma2" "f" "R" "fn" "<Anonymous>" ".External2" "optim" "constrOptim" "QML" "func_backtest" "FUN" "lapply" "structure" "llply" "laply" 
"f" "R" "fn" "<Anonymous>" ".External2" "optim" "constrOptim" "QML" "func_backtest" "FUN" "lapply" "structure" "llply" "laply" 
"simu_sigma2" "f" "R" "fn" "<Anonymous>" ".External2" "optim" "constrOptim" "QML" "func_backtest" "FUN" "lapply" "structure" "llply" "laply" 
"f" "R" "fn" "<Anonymous>" ".External2" "optim" "constrOptim" "QML" "func_backtest" "FUN" "lapply" "structure" "llply" "laply" 
"simu_sigma2" "f" "R" "fn" "<Anonymous>" ".External2" "optim" "constrOptim" "QML" "func_backtest" "FUN" "lapply" "structure" "llply" "laply" 
"simu_sigma2" "f" "R" "fn" "<Anonymous>" ".External2" "optim" "constrOptim" "QML" "func_backtest" "FUN" "lapply" "structure" "llply" "laply" 
"simu_sigma2" "f" "R" "fn" "<Anonymous>" ".External2" "optim" "constrOptim" "QML" "func_backtest" "FUN" "lapply" "structure" "llply" "laply" 
"simu_sigma2" "f" "R" "fn" "<Anonymous>" ".External2" "optim" "constrOptim" "QML" "func_backtest" "FUN" "lapply" "structure" "llply" "laply" 
"simu_sigma2" "f" "R" "fn" "<Anonymous>" ".External2" "optim" "constrOptim" "QML" "func_backtest" "FUN" "lapply" "structure" "llply" "laply" 
"simu_sigma2" "f" "R" "fn" "<Anonymous>" ".External2" "optim" "constrOptim" "QML" "func_backtest" "FUN" "lapply" "structure" "llply" "laply" 
"simu_sigma2" "f" "constrOptim" "QML" "func_backtest" "FUN" "lapply" "structure" "llply" "laply" 
"simu_sigma2" "f" "R" "fn" "<Anonymous>" ".External2" "optim" "constrOptim" "QML" "func_backtest" "FUN" "lapply" "structure" "llply" "laply" 
"simu_sigma2" "f" "R" "fn" "<Anonymous>" ".External2" "optim" "constrOptim" "QML" "func_backtest" "FUN" "lapply" "structure" "llply" "laply" 
"simu_sigma2" "f" "R" "fn" "<Anonymous>" ".External2" "optim" "constrOptim" "QML" "func_backtest" "FUN" "lapply" "structure" "llply" "laply" 
"f" "R" "fn" "<Anonymous>" ".External2" "optim" "constrOptim" "QML" "func_backtest" "FUN" "lapply" "structure" "llply" "laply" 
"simu_sigma2" "f" "R" "fn" "<Anonymous>" ".External2" "optim" "constrOptim" "QML" "func_backtest" "FUN" "lapply" "structure" "llply" "laply" 
"simu_sigma2" "f" "R" "fn" "<Anonymous>" ".External2" "optim" "constrOptim" "QML" "func_backtest" "FUN" "lapply" "structure" "llply" "laply" 
"simu_sigma2" "f" "R" "fn" "<Anonymous>" ".External2" "optim" "constrOptim" "QML" "func_backtest" "FUN" "lapply" "structure" "llply" "laply" 
"simu_sigma2" "f" "R" "fn" "<Anonymous>" ".External2" "optim" "constrOptim" "QML" "func_backtest" "FUN" "lapply" "structure" "llply" "laply" 
"simu_sigma2" "f" "R" "fn" "<Anonymous>" ".External2" "optim" "constrOptim" "QML" "func_backtest" "FUN" "lapply" "structure" "llply" "laply" 
"simu_sigma2" "f" "R" "fn" "<Anonymous>" ".External2" "optim" "constrOptim" "QML" "func_backtest" "FUN" "lapply" "structure" "llply" "laply" 
"simu_sigma2" "f" "R" "fn" "<Anonymous>" ".External2" "optim" "constrOptim" "QML" "func_backtest" "FUN" "lapply" "structure" "llply" "laply" 
"simu_sigma2" "f" "R" "fn" "<Anonymous>" ".External2" "optim" "constrOptim" "QML" "func_backtest" "FUN" "lapply" "structure" "llply" "laply" 
"simu_sigma2" "f" "R" "fn" "<Anonymous>" ".External2" "optim" "constrOptim" "QML" "func_backtest" "FUN" "lapply" "structure" "llply" "laply" 
"simu_sigma2" "f" "R" "fn" "<Anonymous>" ".External2" "optim" "constrOptim" "QML" "func_backtest" "FUN" "lapply" "structure" "llply" "laply" 
"simu_sigma2" "f" "R" "fn" "<Anonymous>" ".External2" "optim" "constrOptim" "QML" "func_backtest" "FUN" "lapply" "structure" "llply" "laply" 
"simu_sigma2" "f" "R" "fn" "<Anonymous>" ".External2" "optim" "constrOptim" "QML" "func_backtest" "FUN" "lapply" "structure" "llply" "laply" 
"simu_sigma2" "f" "R" "fn" "<Anonymous>" ".External2" "optim" "constrOptim" "QML" "func_backtest" "FUN" "lapply" "structure" "llply" "laply" 
"simu_sigma2" "f" "constrOptim" "QML" "func_backtest" "FUN" "lapply" "structure" "llply" "laply" 
"simu_sigma2" "f" "R" "fn" "<Anonymous>" ".External2" "optim" "constrOptim" "QML" "func_backtest" "FUN" "lapply" "structure" "llply" "laply" 
"simu_sigma2" "f" "R" "fn" "<Anonymous>" ".External2" "optim" "constrOptim" "QML" "func_backtest" "FUN" "lapply" "structure" "llply" "laply" 
"simu_sigma2" "f" "R" "fn" "<Anonymous>" ".External2" "optim" "constrOptim" "QML" "func_backtest" "FUN" "lapply" "structure" "llply" "laply" 
"simu_sigma2" "f" "R" "fn" "<Anonymous>" ".External2" "optim" "constrOptim" "QML" "func_backtest" "FUN" "lapply" "structure" "llply" "laply" 
"simu_sigma2" "f" "R" "fn" "<Anonymous>" ".External2" "optim" "constrOptim" "QML" "func_backtest" "FUN" "lapply" "structure" "llply" "laply" 
"simu_sigma2" "f" "R" "fn" "<Anonymous>" ".External2" "optim" "constrOptim" "QML" "func_backtest" "FUN" "lapply" "structure" "llply" "laply" 
"simu_sigma2" "f" "R" "fn" "<Anonymous>" ".External2" "optim" "constrOptim" "QML" "func_backtest" "FUN" "lapply" "structure" "llply" "laply" 
"simu_sigma2" "f" "R" "fn" "<Anonymous>" ".External2" "optim" "constrOptim" "QML" "func_backtest" "FUN" "lapply" "structure" "llply" "laply" 
"simu_sigma2" "f" "R" "fn" "<Anonymous>" ".External2" "optim" "constrOptim" "QML" "func_backtest" "FUN" "lapply" "structure" "llply" "laply" 
"simu_sigma2" "f" "R" "fn" "<Anonymous>" ".External2" "optim" "constrOptim" "QML" "func_backtest" "FUN" "lapply" "structure" "llply" "laply" 
"simu_sigma2" "f" "R" "fn" "<Anonymous>" ".External2" "optim" "constrOptim" "QML" "func_backtest" "FUN" "lapply" "structure" "llply" "laply" 
"simu_sigma2" "f" "R" "fn" "<Anonymous>" ".External2" "optim" "constrOptim" "QML" "func_backtest" "FUN" "lapply" "structure" "llply" "laply" 
"simu_sigma2" "f" "R" "fn" "<Anonymous>" ".External2" "optim" "constrOptim" "QML" "func_backtest" "FUN" "lapply" "structure" "llply" "laply" 
"f" "R" "fn" "<Anonymous>" ".External2" "optim" "constrOptim" "QML" "func_backtest" "FUN" "lapply" "structure" "llply" "laply" 
"simu_sigma2" "f" "R" "fn" "<Anonymous>" ".External2" "optim" "constrOptim" "QML" "func_backtest" "FUN" "lapply" "structure" "llply" "laply" 
"simu_sigma2" "f" "R" "fn" "<Anonymous>" ".External2" "optim" "constrOptim" "QML" "func_backtest" "FUN" "lapply" "structure" "llply" "laply" 
"simu_sigma2" "f" "R" "fn" "<Anonymous>" ".External2" "optim" "constrOptim" "QML" "func_backtest" "FUN" "lapply" "structure" "llply" "laply" 
"simu_sigma2" "f" "R" "fn" "<Anonymous>" ".External2" "optim" "constrOptim" "QML" "func_backtest" "FUN" "lapply" "structure" "llply" "laply" 
"simu_sigma2" "f" "R" "fn" "<Anonymous>" ".External2" "optim" "constrOptim" "QML" "func_backtest" "FUN" "lapply" "structure" "llply" "laply" 
"simu_sigma2" "f" "R" "fn" "<Anonymous>" ".External2" "optim" "constrOptim" "QML" "func_backtest" "FUN" "lapply" "structure" "llply" "laply" 
"simu_sigma2" "f" "R" "fn" "<Anonymous>" ".External2" "optim" "constrOptim" "QML" "func_backtest" "FUN" "lapply" "structure" "llply" "laply" 
"simu_sigma2" "f" "R" "fn" "<Anonymous>" ".External2" "optim" "constrOptim" "QML" "func_backtest" "FUN" "lapply" "structure" "llply" "laply" 
"simu_sigma2" "f" "R" "fn" "<Anonymous>" ".External2" "optim" "constrOptim" "QML" "func_backtest" "FUN" "lapply" "structure" "llply" "laply" 
"simu_sigma2" "f" "R" "fn" "<Anonymous>" ".External2" "optim" "constrOptim" "QML" "func_backtest" "FUN" "lapply" "structure" "llply" "laply" 
"simu_sigma2" "f" "R" "fn" "<Anonymous>" ".External2" "optim" "constrOptim" "QML" "func_backtest" "FUN" "lapply" "structure" "llply" "laply" 
"simu_sigma2" "f" "R" "fn" "<Anonymous>" ".External2" "optim" "constrOptim" "QML" "func_backtest" "FUN" "lapply" "structure" "llply" "laply" 
"simu_sigma2" "f" "R" "fn" "<Anonymous>" ".External2" "optim" "constrOptim" "QML" "func_backtest" "FUN" "lapply" "structure" "llply" "laply" 
"simu_sigma2" "f" "R" "fn" "<Anonymous>" ".External2" "optim" "constrOptim" "QML" "func_backtest" "FUN" "lapply" "structure" "llply" "laply" 
"simu_sigma2" "f" "R" "fn" "<Anonymous>" ".External2" "optim" "constrOptim" "QML" "func_backtest" "FUN" "lapply" "structure" "llply" "laply" 
"simu_sigma2" "f" "R" "fn" "<Anonymous>" ".External2" "optim" "constrOptim" "QML" "func_backtest" "FUN" "lapply" "structure" "llply" "laply" 
"simu_sigma2" "f" "R" "fn" "<Anonymous>" ".External2" "optim" "constrOptim" "QML" "func_backtest" "FUN" "lapply" "structure" "llply" "laply" 
"f" "constrOptim" "QML" "func_backtest" "FUN" "lapply" "structure" "llply" "laply" 
"simu_sigma2" "f" "R" "fn" "<Anonymous>" ".External2" "optim" "constrOptim" "QML" "func_backtest" "FUN" "lapply" "structure" "llply" "laply" 
"simu_sigma2" "f" "R" "fn" "<Anonymous>" ".External2" "optim" "constrOptim" "QML" "func_backtest" "FUN" "lapply" "structure" "llply" "laply" 
"simu_sigma2" "f" "R" "fn" "<Anonymous>" ".External2" "optim" "constrOptim" "QML" "func_backtest" "FUN" "lapply" "structure" "llply" "laply" 
"simu_sigma2" "f" "R" "fn" "<Anonymous>" ".External2" "optim" "constrOptim" "QML" "func_backtest" "FUN" "lapply" "structure" "llply" "laply" 
"simu_sigma2" "f" "R" "fn" "<Anonymous>" ".External2" "optim" "constrOptim" "QML" "func_backtest" "FUN" "lapply" "structure" "llply" "laply" 
"simu_sigma2" "f" "R" "fn" "<Anonymous>" ".External2" "optim" "constrOptim" "QML" "func_backtest" "FUN" "lapply" "structure" "llply" "laply" 
"simu_sigma2" "f" "R" "fn" "<Anonymous>" ".External2" "optim" "constrOptim" "QML" "func_backtest" "FUN" "lapply" "structure" "llply" "laply" 
"simu_sigma2" "f" "R" "fn" "<Anonymous>" ".External2" "optim" "constrOptim" "QML" "func_backtest" "FUN" "lapply" "structure" "llply" "laply" 
"f" "R" "fn" "<Anonymous>" ".External2" "optim" "constrOptim" "QML" "func_backtest" "FUN" "lapply" "structure" "llply" "laply" 
"simu_sigma2" "f" "R" "fn" "<Anonymous>" ".External2" "optim" "constrOptim" "QML" "func_backtest" "FUN" "lapply" "structure" "llply" "laply" 
"simu_sigma2" "f" "R" "fn" "<Anonymous>" ".External2" "optim" "constrOptim" "QML" "func_backtest" "FUN" "lapply" "structure" "llply" "laply" 
"R" "fn" "<Anonymous>" ".External2" "optim" "constrOptim" "QML" "func_backtest" "FUN" "lapply" "structure" "llply" "laply" 
"simu_sigma2" "f" "R" "fn" "<Anonymous>" ".External2" "optim" "constrOptim" "QML" "func_backtest" "FUN" "lapply" "structure" "llply" "laply" 
"mean" "simu_sigma2" "f" "R" "fn" "<Anonymous>" ".External2" "optim" "constrOptim" "QML" "func_backtest" "FUN" "lapply" "structure" "llply" "laply" 
"simu_sigma2" "f" "R" "fn" "<Anonymous>" ".External2" "optim" "constrOptim" "QML" "func_backtest" "FUN" "lapply" "structure" "llply" "laply" 
"simu_sigma2" "f" "R" "fn" "<Anonymous>" ".External2" "optim" "constrOptim" "QML" "func_backtest" "FUN" "lapply" "structure" "llply" "laply" 
"simu_sigma2" "f" "R" "fn" "<Anonymous>" ".External2" "optim" "constrOptim" "QML" "func_backtest" "FUN" "lapply" "structure" "llply" "laply" 
"simu_sigma2" "f" "R" "fn" "<Anonymous>" ".External2" "optim" "constrOptim" "QML" "func_backtest" "FUN" "lapply" "structure" "llply" "laply" 
"simu_sigma2" "f" "R" "fn" "<Anonymous>" ".External2" "optim" "constrOptim" "QML" "func_backtest" "FUN" "lapply" "structure" "llply" "laply" 
"f" "R" "fn" "<Anonymous>" ".External2" "optim" "constrOptim" "QML" "func_backtest" "FUN" "lapply" "structure" "llply" "laply" 
"simu_sigma2" "f" "R" "fn" "<Anonymous>" ".External2" "optim" "constrOptim" "QML" "func_backtest" "FUN" "lapply" "structure" "llply" "laply" 
"simu_sigma2" "f" "R" "fn" "<Anonymous>" ".External2" "optim" "constrOptim" "QML" "func_backtest" "FUN" "lapply" "structure" "llply" "laply" 
"simu_sigma2" "f" "R" "fn" "<Anonymous>" ".External2" "optim" "constrOptim" "QML" "func_backtest" "FUN" "lapply" "structure" "llply" "laply" 
"simu_sigma2" "f" "R" "fn" "<Anonymous>" ".External2" "optim" "constrOptim" "QML" "func_backtest" "FUN" "lapply" "structure" "llply" "laply" 
"simu_sigma2" "f" "R" "fn" "<Anonymous>" ".External2" "optim" "constrOptim" "QML" "func_backtest" "FUN" "lapply" "structure" "llply" "laply" 
"simu_sigma2" "f" "R" "fn" "<Anonymous>" ".External2" "optim" "constrOptim" "QML" "func_backtest" "FUN" "lapply" "structure" "llply" "laply" 
"any" "R" "fn" "<Anonymous>" ".External2" "optim" "constrOptim" "QML" "func_backtest" "FUN" "lapply" "structure" "llply" "laply" 
"simu_sigma2" "f" "R" "fn" "<Anonymous>" ".External2" "optim" "constrOptim" "QML" "func_backtest" "FUN" "lapply" "structure" "llply" "laply" 
"simu_sigma2" "f" "R" "fn" "<Anonymous>" ".External2" "optim" "constrOptim" "QML" "func_backtest" "FUN" "lapply" "structure" "llply" "laply" 
"simu_sigma2" "f" "R" "fn" "<Anonymous>" ".External2" "optim" "constrOptim" "QML" "func_backtest" "FUN" "lapply" "structure" "llply" "laply" 
"constrOptim" "QML" "func_backtest" "FUN" "lapply" "structure" "llply" "laply" 
"simu_sigma2" "f" "R" "fn" "<Anonymous>" ".External2" "optim" "constrOptim" "QML" "func_backtest" "FUN" "lapply" "structure" "llply" "laply" 
"simu_sigma2" "f" "R" "fn" "<Anonymous>" ".External2" "optim" "constrOptim" "QML" "func_backtest" "FUN" "lapply" "structure" "llply" "laply" 
"simu_sigma2" "f" "R" "fn" "<Anonymous>" ".External2" "optim" "constrOptim" "QML" "func_backtest" "FUN" "lapply" "structure" "llply" "laply" 
"simu_sigma2" "f" "R" "fn" "<Anonymous>" ".External2" "optim" "constrOptim" "QML" "func_backtest" "FUN" "lapply" "structure" "llply" "laply" 
"simu_sigma2" "f" "R" "fn" "<Anonymous>" ".External2" "optim" "constrOptim" "QML" "func_backtest" "FUN" "lapply" "structure" "llply" "laply" 
"simu_sigma2" "f" "R" "fn" "<Anonymous>" ".External2" "optim" "constrOptim" "QML" "func_backtest" "FUN" "lapply" "structure" "llply" "laply" 
"simu_sigma2" "f" "R" "fn" "<Anonymous>" ".External2" "optim" "constrOptim" "QML" "func_backtest" "FUN" "lapply" "structure" "llply" "laply" 
"simu_sigma2" "f" "R" "fn" "<Anonymous>" ".External2" "optim" "constrOptim" "QML" "func_backtest" "FUN" "lapply" "structure" "llply" "laply" 
"simu_sigma2" "f" "R" "fn" "<Anonymous>" ".External2" "optim" "constrOptim" "QML" "func_backtest" "FUN" "lapply" "structure" "llply" "laply" 
"simu_sigma2" "f" "R" "fn" "<Anonymous>" ".External2" "optim" "constrOptim" "QML" "func_backtest" "FUN" "lapply" "structure" "llply" "laply" 
"simu_sigma2" "f" "R" "fn" "<Anonymous>" ".External2" "optim" "constrOptim" "QML" "func_backtest" "FUN" "lapply" "structure" "llply" "laply" 
"simu_sigma2" "f" "R" "fn" "<Anonymous>" ".External2" "optim" "constrOptim" "QML" "func_backtest" "FUN" "lapply" "structure" "llply" "laply" 
"simu_sigma2" "func_backtest" "FUN" "lapply" "structure" "llply" "laply" 
"simu_sigma2" "f" "R" "fn" "<Anonymous>" ".External2" "optim" "constrOptim" "QML" "func_backtest" "FUN" "lapply" "structure" "llply" "laply" 
"simu_sigma2" "f" "R" "fn" "<Anonymous>" ".External2" "optim" "constrOptim" "QML" "func_backtest" "FUN" "lapply" "structure" "llply" "laply" 
"simu_sigma2" "f" "R" "fn" "<Anonymous>" ".External2" "optim" "constrOptim" "QML" "func_backtest" "FUN" "lapply" "structure" "llply" "laply" 
"simu_sigma2" "f" "R" "fn" "<Anonymous>" ".External2" "optim" "constrOptim" "QML" "func_backtest" "FUN" "lapply" "structure" "llply" "laply" 
"simu_sigma2" "f" "R" "fn" "<Anonymous>" ".External2" "optim" "constrOptim" "QML" "func_backtest" "FUN" "lapply" "structure" "llply" "laply" 
"simu_sigma2" "f" "R" "fn" "<Anonymous>" ".External2" "optim" "constrOptim" "QML" "func_backtest" "FUN" "lapply" "structure" "llply" "laply" 
"simu_sigma2" "f" "R" "fn" "<Anonymous>" ".External2" "optim" "constrOptim" "QML" "func_backtest" "FUN" "lapply" "structure" "llply" "laply" 
"simu_sigma2" "f" "R" "constrOptim" "QML" "func_backtest" "FUN" "lapply" "structure" "llply" "laply" 
"simu_sigma2" "f" "R" "fn" "<Anonymous>" ".External2" "optim" "constrOptim" "QML" "func_backtest" "FUN" "lapply" "structure" "llply" "laply" 
"simu_sigma2" "f" "R" "fn" "<Anonymous>" ".External2" "optim" "constrOptim" "QML" "func_backtest" "FUN" "lapply" "structure" "llply" "laply" 
"simu_sigma2" "f" "R" "fn" "<Anonymous>" ".External2" "optim" "constrOptim" "QML" "func_backtest" "FUN" "lapply" "structure" "llply" "laply" 
"mean.default" "mean" "simu_sigma2" "f" "R" "fn" "<Anonymous>" ".External2" "optim" "constrOptim" "QML" "func_backtest" "FUN" "lapply" "structure" "llply" "laply" 
"simu_sigma2" "f" "R" "fn" "<Anonymous>" ".External2" "optim" "constrOptim" "QML" "func_backtest" "FUN" "lapply" "structure" "llply" "laply" 
"simu_sigma2" "f" "R" "fn" "<Anonymous>" ".External2" "optim" "constrOptim" "QML" "func_backtest" "FUN" "lapply" "structure" "llply" "laply" 
"simu_sigma2" "f" "R" "fn" "<Anonymous>" ".External2" "optim" "constrOptim" "QML" "func_backtest" "FUN" "lapply" "structure" "llply" "laply" 
"simu_sigma2" "f" "R" "fn" "<Anonymous>" ".External2" "optim" "constrOptim" "QML" "func_backtest" "FUN" "lapply" "structure" "llply" "laply" 
"simu_sigma2" "f" "R" "fn" "<Anonymous>" ".External2" "optim" "constrOptim" "QML" "func_backtest" "FUN" "lapply" "structure" "llply" "laply" 
"simu_sigma2" "f" "R" "fn" "<Anonymous>" ".External2" "optim" "constrOptim" "QML" "func_backtest" "FUN" "lapply" "structure" "llply" "laply" 
"simu_sigma2" "f" "R" "fn" "<Anonymous>" ".External2" "optim" "constrOptim" "QML" "func_backtest" "FUN" "lapply" "structure" "llply" "laply" 
"simu_sigma2" "f" "R" "fn" "<Anonymous>" ".External2" "optim" "constrOptim" "QML" "func_backtest" "FUN" "lapply" "structure" "llply" "laply" 
"simu_sigma2" "f" "R" "fn" "<Anonymous>" ".External2" "optim" "constrOptim" "QML" "func_backtest" "FUN" "lapply" "structure" "llply" "laply" 
"simu_sigma2" "f" "R" "fn" "<Anonymous>" ".External2" "optim" "constrOptim" "QML" "func_backtest" "FUN" "lapply" "structure" "llply" "laply" 
"simu_sigma2" "f" "R" "fn" "<Anonymous>" ".External2" "optim" "constrOptim" "QML" "func_backtest" "FUN" "lapply" "structure" "llply" "laply" 
"simu_sigma2" "f" "R" "fn" "<Anonymous>" ".External2" "optim" "constrOptim" "QML" "func_backtest" "FUN" "lapply" "structure" "llply" "laply" 
"simu_sigma2" "f" "R" "fn" "<Anonymous>" ".External2" "optim" "constrOptim" "QML" "func_backtest" "FUN" "lapply" "structure" "llply" "laply" 
"simu_sigma2" "f" "R" "fn" "<Anonymous>" ".External2" "optim" "constrOptim" "QML" "func_backtest" "FUN" "lapply" "structure" "llply" "laply" 
"simu_sigma2" "f" "R" "fn" "<Anonymous>" ".External2" "optim" "constrOptim" "QML" "func_backtest" "FUN" "lapply" "structure" "llply" "laply" 
".External2" "optim" "constrOptim" "QML" "func_backtest" "FUN" "lapply" "structure" "llply" "laply" 
".External2" "optim" "constrOptim" "QML" "func_backtest" "FUN" "lapply" "structure" "llply" "laply" 
".External2" "optim" "constrOptim" "QML" "func_backtest" "FUN" "lapply" "structure" "llply" "laply" 
"simu_sigma2" "f" "R" "fn" "<Anonymous>" ".External2" "optim" "constrOptim" "QML" "func_backtest" "FUN" "lapply" "structure" "llply" "laply" 
"simu_sigma2" "f" "R" "fn" "<Anonymous>" ".External2" "optim" "constrOptim" "QML" "func_backtest" "FUN" "lapply" "structure" "llply" "laply" 
"simu_sigma2" "f" "R" "fn" "<Anonymous>" ".External2" "optim" "constrOptim" "QML" "func_backtest" "FUN" "lapply" "structure" "llply" "laply" 
"simu_sigma2" "f" "R" "fn" "<Anonymous>" ".External2" "optim" "constrOptim" "QML" "func_backtest" "FUN" "lapply" "structure" "llply" "laply" 
"simu_sigma2" "f" "R" "fn" "<Anonymous>" ".External2" "optim" "constrOptim" "QML" "func_backtest" "FUN" "lapply" "structure" "llply" "laply" 
"simu_sigma2" "f" "R" "fn" "<Anonymous>" ".External2" "optim" "constrOptim" "QML" "func_backtest" "FUN" "lapply" "structure" "llply" "laply" 
"simu_sigma2" "f" "R" "fn" "<Anonymous>" ".External2" "optim" "constrOptim" "QML" "func_backtest" "FUN" "lapply" "structure" "llply" "laply" 
"isTRUE" "mean.default" "mean" "simu_sigma2" "f" "R" "fn" "<Anonymous>" ".External2" "optim" "constrOptim" "QML" "func_backtest" "FUN" "lapply" "structure" "llply" "laply" 
"f" "R" "fn" "<Anonymous>" ".External2" "optim" "constrOptim" "QML" "func_backtest" "FUN" "lapply" "structure" "llply" "laply" 
"f" "R" "fn" "<Anonymous>" ".External2" "optim" "constrOptim" "QML" "func_backtest" "FUN" "lapply" "structure" "llply" "laply" 
"simu_sigma2" "f" "R" "fn" "<Anonymous>" ".External2" "optim" "constrOptim" "QML" "func_backtest" "FUN" "lapply" "structure" "llply" "laply" 
"simu_sigma2" "f" "R" "fn" "<Anonymous>" ".External2" "optim" "constrOptim" "QML" "func_backtest" "FUN" "lapply" "structure" "llply" "laply" 
"simu_sigma2" "f" "R" "fn" "<Anonymous>" ".External2" "optim" "constrOptim" "QML" "func_backtest" "FUN" "lapply" "structure" "llply" "laply" 
"simu_sigma2" "f" "R" "fn" "<Anonymous>" ".External2" "optim" "constrOptim" "QML" "func_backtest" "FUN" "lapply" "structure" "llply" "laply" 
"simu_sigma2" "f" "R" "fn" "<Anonymous>" ".External2" "optim" "constrOptim" "QML" "func_backtest" "FUN" "lapply" "structure" "llply" "laply" 
"simu_sigma2" "f" "R" "fn" "<Anonymous>" ".External2" "optim" "constrOptim" "QML" "func_backtest" "FUN" "lapply" "structure" "llply" "laply" 
"simu_sigma2" "f" "R" "fn" "<Anonymous>" ".External2" "optim" "constrOptim" "QML" "func_backtest" "FUN" "lapply" "structure" "llply" "laply" 
"simu_sigma2" "f" "R" "fn" "<Anonymous>" ".External2" "optim" "constrOptim" "QML" "func_backtest" "FUN" "lapply" "structure" "llply" "laply" 
"simu_sigma2" "f" "R" "fn" "<Anonymous>" ".External2" "optim" "constrOptim" "QML" "func_backtest" "FUN" "lapply" "structure" "llply" "laply" 
"sum" "f" "R" "fn" "<Anonymous>" ".External2" "optim" "constrOptim" "QML" "func_backtest" "FUN" "lapply" "structure" "llply" "laply" 
"simu_sigma2" "f" "R" "fn" "<Anonymous>" ".External2" "optim" "constrOptim" "QML" "func_backtest" "FUN" "lapply" "structure" "llply" "laply" 
"simu_sigma2" "f" "R" "fn" "<Anonymous>" ".External2" "optim" "constrOptim" "QML" "func_backtest" "FUN" "lapply" "structure" "llply" "laply" 
"simu_sigma2" "f" "R" "fn" "<Anonymous>" ".External2" "optim" "constrOptim" "QML" "func_backtest" "FUN" "lapply" "structure" "llply" "laply" 
"simu_sigma2" "f" "R" "fn" "<Anonymous>" ".External2" "optim" "constrOptim" "QML" "func_backtest" "FUN" "lapply" "structure" "llply" "laply" 
"simu_sigma2" "f" "R" "fn" "<Anonymous>" ".External2" "optim" "constrOptim" "QML" "func_backtest" "FUN" "lapply" "structure" "llply" "laply" 
"simu_sigma2" "f" "R" "fn" "<Anonymous>" ".External2" "optim" "constrOptim" "QML" "func_backtest" "FUN" "lapply" "structure" "llply" "laply" 
"simu_sigma2" "f" "R" "fn" "<Anonymous>" ".External2" "optim" "constrOptim" "QML" "func_backtest" "FUN" "lapply" "structure" "llply" "laply" 
"simu_sigma2" "f" "R" "fn" "<Anonymous>" ".External2" "optim" "constrOptim" "QML" "func_backtest" "FUN" "lapply" "structure" "llply" "laply" 
"simu_sigma2" "f" "R" "fn" "<Anonymous>" ".External2" "optim" "constrOptim" "QML" "func_backtest" "FUN" "lapply" "structure" "llply" "laply" 
"simu_sigma2" "f" "R" "fn" "<Anonymous>" ".External2" "optim" "constrOptim" "QML" "func_backtest" "FUN" "lapply" "structure" "llply" "laply" 
"simu_sigma2" "f" "R" "fn" "<Anonymous>" ".External2" "optim" "constrOptim" "QML" "func_backtest" "FUN" "lapply" "structure" "llply" "laply" 
"simu_sigma2" "f" "R" "fn" "<Anonymous>" ".External2" "optim" "constrOptim" "QML" "func_backtest" "FUN" "lapply" "structure" "llply" "laply" 
"simu_sigma2" "f" "R" "fn" "<Anonymous>" ".External2" "optim" "constrOptim" "QML" "func_backtest" "FUN" "lapply" "structure" "llply" "laply" 
"simu_sigma2" "f" "R" "fn" "<Anonymous>" ".External2" "optim" "constrOptim" "QML" "func_backtest" "FUN" "lapply" "structure" "llply" "laply" 
"simu_sigma2" "f" "R" "fn" "<Anonymous>" ".External2" "optim" "constrOptim" "QML" "func_backtest" "FUN" "lapply" "structure" "llply" "laply" 
"simu_sigma2" "f" "R" "fn" "<Anonymous>" ".External2" "optim" "constrOptim" "QML" "func_backtest" "FUN" "lapply" "structure" "llply" "laply" 
"simu_sigma2" "f" "R" "fn" "<Anonymous>" ".External2" "optim" "constrOptim" "QML" "func_backtest" "FUN" "lapply" "structure" "llply" "laply" 
"simu_sigma2" "f" "R" "fn" "<Anonymous>" ".External2" "optim" "constrOptim" "QML" "func_backtest" "FUN" "lapply" "structure" "llply" "laply" 
"simu_sigma2" "f" "R" "fn" "<Anonymous>" ".External2" "optim" "constrOptim" "QML" "func_backtest" "FUN" "lapply" "structure" "llply" "laply" 
"simu_sigma2" "f" "R" "fn" "<Anonymous>" ".External2" "optim" "constrOptim" "QML" "func_backtest" "FUN" "lapply" "structure" "llply" "laply" 
"f" "constrOptim" "QML" "func_backtest" "FUN" "lapply" "structure" "llply" "laply" 
"fn" "<Anonymous>" ".External2" "optim" "constrOptim" "QML" "func_backtest" "FUN" "lapply" "structure" "llply" "laply" 
"simu_sigma2" "f" "R" "fn" "<Anonymous>" ".External2" "optim" "constrOptim" "QML" "func_backtest" "FUN" "lapply" "structure" "llply" "laply" 
"simu_sigma2" "f" "R" "fn" "<Anonymous>" ".External2" "optim" "constrOptim" "QML" "func_backtest" "FUN" "lapply" "structure" "llply" "laply" 
"simu_sigma2" "f" "R" "fn" "<Anonymous>" ".External2" "optim" "constrOptim" "QML" "func_backtest" "FUN" "lapply" "structure" "llply" "laply" 
"simu_sigma2" "f" "R" "fn" "<Anonymous>" ".External2" "optim" "constrOptim" "QML" "func_backtest" "FUN" "lapply" "structure" "llply" "laply" 
"f" "R" "fn" "<Anonymous>" ".External2" "optim" "constrOptim" "QML" "func_backtest" "FUN" "lapply" "structure" "llply" "laply" 
"f" "R" "fn" "<Anonymous>" ".External2" "optim" "constrOptim" "QML" "func_backtest" "FUN" "lapply" "structure" "llply" "laply" 
"simu_sigma2" "f" "R" "fn" "<Anonymous>" ".External2" "optim" "constrOptim" "QML" "func_backtest" "FUN" "lapply" "structure" "llply" "laply" 
"isTRUE" "mean.default" "mean" "simu_sigma2" "f" "R" "fn" "<Anonymous>" ".External2" "optim" "constrOptim" "QML" "func_backtest" "FUN" "lapply" "structure" "llply" "laply" 
"simu_sigma2" "f" "R" "fn" "<Anonymous>" ".External2" "optim" "constrOptim" "QML" "func_backtest" "FUN" "lapply" "structure" "llply" "laply" 
"simu_sigma2" "f" "R" "fn" "<Anonymous>" ".External2" "optim" "constrOptim" "QML" "func_backtest" "FUN" "lapply" "structure" "llply" "laply" 
"simu_sigma2" "f" "R" "fn" "<Anonymous>" ".External2" "optim" "constrOptim" "QML" "func_backtest" "FUN" "lapply" "structure" "llply" "laply" 
"simu_sigma2" "f" "R" "fn" "<Anonymous>" ".External2" "optim" "constrOptim" "QML" "func_backtest" "FUN" "lapply" "structure" "llply" "laply" 
"simu_sigma2" "f" "R" "fn" "<Anonymous>" ".External2" "optim" "constrOptim" "QML" "func_backtest" "FUN" "lapply" "structure" "llply" "laply" 
"simu_sigma2" "f" "R" "fn" "<Anonymous>" ".External2" "optim" "constrOptim" "QML" "func_backtest" "FUN" "lapply" "structure" "llply" "laply" 
"simu_sigma2" "f" "R" "fn" "<Anonymous>" ".External2" "optim" "constrOptim" "QML" "func_backtest" "FUN" "lapply" "structure" "llply" "laply" 
"simu_sigma2" "f" "R" "fn" "<Anonymous>" ".External2" "optim" "constrOptim" "QML" "func_backtest" "FUN" "lapply" "structure" "llply" "laply" 
"simu_sigma2" "f" "R" "fn" "<Anonymous>" ".External2" "optim" "constrOptim" "QML" "func_backtest" "FUN" "lapply" "structure" "llply" "laply" 
"mean" "simu_sigma2" "f" "R" "fn" "<Anonymous>" ".External2" "optim" "constrOptim" "QML" "func_backtest" "FUN" "lapply" "structure" "llply" "laply" 
"simu_sigma2" "f" "R" "fn" "<Anonymous>" ".External2" "optim" "constrOptim" "QML" "func_backtest" "FUN" "lapply" "structure" "llply" "laply" 
"simu_sigma2" "f" "R" "fn" "<Anonymous>" ".External2" "optim" "constrOptim" "QML" "func_backtest" "FUN" "lapply" "structure" "llply" "laply" 
"simu_sigma2" "f" "R" "fn" "<Anonymous>" ".External2" "optim" "constrOptim" "QML" "func_backtest" "FUN" "lapply" "structure" "llply" "laply" 
"simu_sigma2" "f" "R" "fn" "<Anonymous>" ".External2" "optim" "constrOptim" "QML" "func_backtest" "FUN" "lapply" "structure" "llply" "laply" 
"simu_sigma2" "f" "R" "fn" "<Anonymous>" ".External2" "optim" "constrOptim" "QML" "func_backtest" "FUN" "lapply" "structure" "llply" "laply" 
"simu_sigma2" "f" "R" "fn" "<Anonymous>" ".External2" "optim" "constrOptim" "QML" "func_backtest" "FUN" "lapply" "structure" "llply" "laply" 
"f" "R" "fn" "<Anonymous>" ".External2" "optim" "constrOptim" "QML" "func_backtest" "FUN" "lapply" "structure" "llply" "laply" 
"simu_sigma2" "f" "R" "fn" "<Anonymous>" ".External2" "optim" "constrOptim" "QML" "func_backtest" "FUN" "lapply" "structure" "llply" "laply" 
"simu_sigma2" "f" "R" "fn" "<Anonymous>" ".External2" "optim" "constrOptim" "QML" "func_backtest" "FUN" "lapply" "structure" "llply" "laply" 
"simu_sigma2" "f" "R" "fn" "<Anonymous>" ".External2" "optim" "constrOptim" "QML" "func_backtest" "FUN" "lapply" "structure" "llply" "laply" 
"simu_sigma2" "f" "R" "fn" "<Anonymous>" ".External2" "optim" "constrOptim" "QML" "func_backtest" "FUN" "lapply" "structure" "llply" "laply" 
"simu_sigma2" "f" "R" "fn" "<Anonymous>" ".External2" "optim" "constrOptim" "QML" "func_backtest" "FUN" "lapply" "structure" "llply" "laply" 
"simu_sigma2" "f" "R" "fn" "<Anonymous>" ".External2" "optim" "constrOptim" "QML" "func_backtest" "FUN" "lapply" "structure" "llply" "laply" 
"simu_sigma2" "f" "R" "fn" "<Anonymous>" ".External2" "optim" "constrOptim" "QML" "func_backtest" "FUN" "lapply" "structure" "llply" "laply" 
"simu_sigma2" "f" "R" "fn" "<Anonymous>" ".External2" "optim" "constrOptim" "QML" "func_backtest" "FUN" "lapply" "structure" "llply" "laply" 
"simu_sigma2" "f" "R" "fn" "<Anonymous>" ".External2" "optim" "constrOptim" "QML" "func_backtest" "FUN" "lapply" "structure" "llply" "laply" 
"simu_sigma2" "f" "R" "fn" "<Anonymous>" ".External2" "optim" "constrOptim" "QML" "func_backtest" "FUN" "lapply" "structure" "llply" "laply" 
"simu_sigma2" "f" "R" "fn" "<Anonymous>" ".External2" "optim" "constrOptim" "QML" "func_backtest" "FUN" "lapply" "structure" "llply" "laply" 
"simu_sigma2" "f" "R" "fn" "<Anonymous>" ".External2" "optim" "constrOptim" "QML" "func_backtest" "FUN" "lapply" "structure" "llply" "laply" 
"simu_sigma2" "f" "R" "fn" "<Anonymous>" ".External2" "optim" "constrOptim" "QML" "func_backtest" "FUN" "lapply" "structure" "llply" "laply" 
"simu_sigma2" "f" "R" "fn" "<Anonymous>" ".External2" "optim" "constrOptim" "QML" "func_backtest" "FUN" "lapply" "structure" "llply" "laply" 
"simu_sigma2" "f" "R" "fn" "<Anonymous>" ".External2" "optim" "constrOptim" "QML" "func_backtest" "FUN" "lapply" "structure" "llply" "laply" 
"simu_sigma2" "f" "R" "fn" "<Anonymous>" ".External2" "optim" "constrOptim" "QML" "func_backtest" "FUN" "lapply" "structure" "llply" "laply" 
"simu_sigma2" "f" "R" "fn" "<Anonymous>" ".External2" "optim" "constrOptim" "QML" "func_backtest" "FUN" "lapply" "structure" "llply" "laply" 
"simu_sigma2" "f" "R" "fn" "<Anonymous>" ".External2" "optim" "constrOptim" "QML" "func_backtest" "FUN" "lapply" "structure" "llply" "laply" 
"is.na" "isTRUE" "mean.default" "mean" "simu_sigma2" "f" "R" "fn" "<Anonymous>" ".External2" "optim" "constrOptim" "QML" "func_backtest" "FUN" "lapply" "structure" "llply" "laply" 
"simu_sigma2" "f" "R" "fn" "<Anonymous>" ".External2" "optim" "constrOptim" "QML" "func_backtest" "FUN" "lapply" "structure" "llply" "laply" 
"simu_sigma2" "f" "R" "fn" "<Anonymous>" ".External2" "optim" "constrOptim" "QML" "func_backtest" "FUN" "lapply" "structure" "llply" "laply" 
"f" "R" "fn" "<Anonymous>" ".External2" "optim" "constrOptim" "QML" "func_backtest" "FUN" "lapply" "structure" "llply" "laply" 
"simu_sigma2" "f" "R" "fn" "<Anonymous>" ".External2" "optim" "constrOptim" "QML" "func_backtest" "FUN" "lapply" "structure" "llply" "laply" 
"simu_sigma2" "f" "R" "fn" "<Anonymous>" ".External2" "optim" "constrOptim" "QML" "func_backtest" "FUN" "lapply" "structure" "llply" "laply" 
"simu_sigma2" "f" "R" "fn" "<Anonymous>" ".External2" "optim" "constrOptim" "QML" "func_backtest" "FUN" "lapply" "structure" "llply" "laply" 
"simu_sigma2" "f" "R" "fn" "<Anonymous>" ".External2" "optim" "constrOptim" "QML" "func_backtest" "FUN" "lapply" "structure" "llply" "laply" 
"simu_sigma2" "f" "R" "fn" "<Anonymous>" ".External2" "optim" "constrOptim" "QML" "func_backtest" "FUN" "lapply" "structure" "llply" "laply" 
"simu_sigma2" "f" "R" "fn" "<Anonymous>" ".External2" "optim" "constrOptim" "QML" "func_backtest" "FUN" "lapply" "structure" "llply" "laply" 
"simu_sigma2" "f" "R" "fn" "<Anonymous>" ".External2" "optim" "constrOptim" "QML" "func_backtest" "FUN" "lapply" "structure" "llply" "laply" 
"simu_sigma2" "f" "R" "fn" "<Anonymous>" ".External2" "optim" "constrOptim" "QML" "func_backtest" "FUN" "lapply" "structure" "llply" "laply" 
"f" "R" "fn" "<Anonymous>" ".External2" "optim" "constrOptim" "QML" "func_backtest" "FUN" "lapply" "structure" "llply" "laply" 
"simu_sigma2" "f" "R" "fn" "<Anonymous>" ".External2" "optim" "constrOptim" "QML" "func_backtest" "FUN" "lapply" "structure" "llply" "laply" 
"simu_sigma2" "f" "R" "fn" "<Anonymous>" ".External2" "optim" "constrOptim" "QML" "func_backtest" "FUN" "lapply" "structure" "llply" "laply" 
"simu_sigma2" "f" "R" "fn" "<Anonymous>" ".External2" "optim" "constrOptim" "QML" "func_backtest" "FUN" "lapply" "structure" "llply" "laply" 
"f" "R" "fn" "<Anonymous>" ".External2" "optim" "constrOptim" "QML" "func_backtest" "FUN" "lapply" "structure" "llply" "laply" 
"R" "fn" "<Anonymous>" ".External2" "optim" "constrOptim" "QML" "func_backtest" "FUN" "lapply" "structure" "llply" "laply" 
"simu_sigma2" "f" "R" "fn" "<Anonymous>" ".External2" "optim" "constrOptim" "QML" "func_backtest" "FUN" "lapply" "structure" "llply" "laply" 
"simu_sigma2" "f" "R" "fn" "<Anonymous>" ".External2" "optim" "constrOptim" "QML" "func_backtest" "FUN" "lapply" "structure" "llply" "laply" 
"simu_sigma2" "f" "R" "fn" "<Anonymous>" ".External2" "optim" "constrOptim" "QML" "func_backtest" "FUN" "lapply" "structure" "llply" "laply" 
"simu_sigma2" "f" "R" "fn" "<Anonymous>" ".External2" "optim" "constrOptim" "QML" "func_backtest" "FUN" "lapply" "structure" "llply" "laply" 
"simu_sigma2" "f" "R" "fn" "<Anonymous>" ".External2" "optim" "constrOptim" "QML" "func_backtest" "FUN" "lapply" "structure" "llply" "laply" 
"simu_sigma2" "f" "R" "fn" "<Anonymous>" ".External2" "optim" "constrOptim" "QML" "func_backtest" "FUN" "lapply" "structure" "llply" "laply" 
"simu_sigma2" "f" "R" "fn" "<Anonymous>" ".External2" "optim" "constrOptim" "QML" "func_backtest" "FUN" "lapply" "structure" "llply" "laply" 
"simu_sigma2" "f" "R" "fn" "<Anonymous>" ".External2" "optim" "constrOptim" "QML" "func_backtest" "FUN" "lapply" "structure" "llply" "laply" 
"simu_sigma2" "f" "R" "fn" "<Anonymous>" ".External2" "optim" "constrOptim" "QML" "func_backtest" "FUN" "lapply" "structure" "llply" "laply" 
"simu_sigma2" "f" "R" "fn" "<Anonymous>" ".External2" "optim" "constrOptim" "QML" "func_backtest" "FUN" "lapply" "structure" "llply" "laply" 
"simu_sigma2" "f" "R" "fn" "<Anonymous>" ".External2" "optim" "constrOptim" "QML" "func_backtest" "FUN" "lapply" "structure" "llply" "laply" 
"simu_sigma2" "f" "R" "fn" "<Anonymous>" ".External2" "optim" "constrOptim" "QML" "func_backtest" "FUN" "lapply" "structure" "llply" "laply" 
"simu_sigma2" "f" "R" "fn" "<Anonymous>" ".External2" "optim" "constrOptim" "QML" "func_backtest" "FUN" "lapply" "structure" "llply" "laply" 
"sum" "R" "fn" "<Anonymous>" ".External2" "optim" "constrOptim" "QML" "func_backtest" "FUN" "lapply" "structure" "llply" "laply" 
"simu_sigma2" "f" "R" "fn" "<Anonymous>" ".External2" "optim" "constrOptim" "QML" "func_backtest" "FUN" "lapply" "structure" "llply" "laply" 
"simu_sigma2" "f" "R" "fn" "<Anonymous>" ".External2" "optim" "constrOptim" "QML" "func_backtest" "FUN" "lapply" "structure" "llply" "laply" 
"simu_sigma2" "f" "R" "fn" "<Anonymous>" ".External2" "optim" "constrOptim" "QML" "func_backtest" "FUN" "lapply" "structure" "llply" "laply" 
"simu_sigma2" "f" "R" "fn" "<Anonymous>" ".External2" "optim" "constrOptim" "QML" "func_backtest" "FUN" "lapply" "structure" "llply" "laply" 
"simu_sigma2" "func_backtest" "FUN" "lapply" "structure" "llply" "laply" 
"simu_sigma2" "f" "R" "fn" "<Anonymous>" ".External2" "optim" "constrOptim" "QML" "func_backtest" "FUN" "lapply" "structure" "llply" "laply" 
"simu_sigma2" "f" "R" "fn" "<Anonymous>" ".External2" "optim" "constrOptim" "QML" "func_backtest" "FUN" "lapply" "structure" "llply" "laply" 
"simu_sigma2" "f" "R" "fn" "<Anonymous>" ".External2" "optim" "constrOptim" "QML" "func_backtest" "FUN" "lapply" "structure" "llply" "laply" 
"simu_sigma2" "f" "R" "fn" "<Anonymous>" ".External2" "optim" "constrOptim" "QML" "func_backtest" "FUN" "lapply" "structure" "llply" "laply" 
"simu_sigma2" "f" "R" "fn" "<Anonymous>" ".External2" "optim" "constrOptim" "QML" "func_backtest" "FUN" "lapply" "structure" "llply" "laply" 
"simu_sigma2" "f" "R" "fn" "<Anonymous>" ".External2" "optim" "constrOptim" "QML" "func_backtest" "FUN" "lapply" "structure" "llply" "laply" 
"simu_sigma2" "f" "R" "fn" "<Anonymous>" ".External2" "optim" "constrOptim" "QML" "func_backtest" "FUN" "lapply" "structure" "llply" "laply" 
"simu_sigma2" "f" "R" "fn" "<Anonymous>" ".External2" "optim" "constrOptim" "QML" "func_backtest" "FUN" "lapply" "structure" "llply" "laply" 
"simu_sigma2" "f" "R" "fn" "<Anonymous>" ".External2" "optim" "constrOptim" "QML" "func_backtest" "FUN" "lapply" "structure" "llply" "laply" 
"simu_sigma2" "f" "R" "fn" "<Anonymous>" ".External2" "optim" "constrOptim" "QML" "func_backtest" "FUN" "lapply" "structure" "llply" "laply" 
"simu_sigma2" "f" "R" "fn" "<Anonymous>" ".External2" "optim" "constrOptim" "QML" "func_backtest" "FUN" "lapply" "structure" "llply" "laply" 
"simu_sigma2" "f" "R" "fn" "<Anonymous>" ".External2" "optim" "constrOptim" "QML" "func_backtest" "FUN" "lapply" "structure" "llply" "laply" 
"simu_sigma2" "f" "R" "fn" "<Anonymous>" ".External2" "optim" "constrOptim" "QML" "func_backtest" "FUN" "lapply" "structure" "llply" "laply" 
"f" "R" "fn" "<Anonymous>" ".External2" "optim" "constrOptim" "QML" "func_backtest" "FUN" "lapply" "structure" "llply" "laply" 
"simu_sigma2" "f" "R" "fn" "<Anonymous>" ".External2" "optim" "constrOptim" "QML" "func_backtest" "FUN" "lapply" "structure" "llply" "laply" 
"simu_sigma2" "f" "R" "fn" "<Anonymous>" ".External2" "optim" "constrOptim" "QML" "func_backtest" "FUN" "lapply" "structure" "llply" "laply" 
"simu_sigma2" "f" "R" "fn" "<Anonymous>" ".External2" "optim" "constrOptim" "QML" "func_backtest" "FUN" "lapply" "structure" "llply" "laply" 
"simu_sigma2" "f" "R" "fn" "<Anonymous>" ".External2" "optim" "constrOptim" "QML" "func_backtest" "FUN" "lapply" "structure" "llply" "laply" 
"simu_sigma2" "f" "R" "fn" "<Anonymous>" ".External2" "optim" "constrOptim" "QML" "func_backtest" "FUN" "lapply" "structure" "llply" "laply" 
"simu_sigma2" "f" "R" "fn" "<Anonymous>" ".External2" "optim" "constrOptim" "QML" "func_backtest" "FUN" "lapply" "structure" "llply" "laply" 
"<Anonymous>" ".External2" "optim" "constrOptim" "QML" "func_backtest" "FUN" "lapply" "structure" "llply" "laply" 
"simu_sigma2" "f" "R" "fn" "<Anonymous>" ".External2" "optim" "constrOptim" "QML" "func_backtest" "FUN" "lapply" "structure" "llply" "laply" 
"simu_sigma2" "f" "R" "fn" "<Anonymous>" ".External2" "optim" "constrOptim" "QML" "func_backtest" "FUN" "lapply" "structure" "llply" "laply" 
"simu_sigma2" "f" "R" "fn" "<Anonymous>" ".External2" "optim" "constrOptim" "QML" "func_backtest" "FUN" "lapply" "structure" "llply" "laply" 
"simu_sigma2" "f" "R" "fn" "<Anonymous>" ".External2" "optim" "constrOptim" "QML" "func_backtest" "FUN" "lapply" "structure" "llply" "laply" 
"simu_sigma2" "f" "R" "fn" "<Anonymous>" ".External2" "optim" "constrOptim" "QML" "func_backtest" "FUN" "lapply" "structure" "llply" "laply" 
"simu_sigma2" "f" "R" "fn" "<Anonymous>" ".External2" "optim" "constrOptim" "QML" "func_backtest" "FUN" "lapply" "structure" "llply" "laply" 
"simu_sigma2" "f" "constrOptim" "QML" "func_backtest" "FUN" "lapply" "structure" "llply" "laply" 
"simu_sigma2" "f" "R" "fn" "<Anonymous>" ".External2" "optim" "constrOptim" "QML" "func_backtest" "FUN" "lapply" "structure" "llply" "laply" 
"f" "R" "fn" "<Anonymous>" ".External2" "optim" "constrOptim" "QML" "func_backtest" "FUN" "lapply" "structure" "llply" "laply" 
"simu_sigma2" "f" "R" "fn" "<Anonymous>" ".External2" "optim" "constrOptim" "QML" "func_backtest" "FUN" "lapply" "structure" "llply" "laply" 
"simu_sigma2" "f" "R" "fn" "<Anonymous>" ".External2" "optim" "constrOptim" "QML" "func_backtest" "FUN" "lapply" "structure" "llply" "laply" 
"simu_sigma2" "f" "R" "fn" "<Anonymous>" ".External2" "optim" "constrOptim" "QML" "func_backtest" "FUN" "lapply" "structure" "llply" "laply" 
"simu_sigma2" "f" "R" "fn" "<Anonymous>" ".External2" "optim" "constrOptim" "QML" "func_backtest" "FUN" "lapply" "structure" "llply" "laply" 
"simu_sigma2" "f" "R" "fn" "<Anonymous>" ".External2" "optim" "constrOptim" "QML" "func_backtest" "FUN" "lapply" "structure" "llply" "laply" 
"f" "R" "fn" "<Anonymous>" ".External2" "optim" "constrOptim" "QML" "func_backtest" "FUN" "lapply" "structure" "llply" "laply" 
"simu_sigma2" "f" "R" "fn" "<Anonymous>" ".External2" "optim" "constrOptim" "QML" "func_backtest" "FUN" "lapply" "structure" "llply" "laply" 
"FUN" "lapply" "structure" "llply" "laply" 
"simu_sigma2" "f" "R" "fn" "<Anonymous>" ".External2" "optim" "constrOptim" "QML" "func_backtest" "FUN" "lapply" "structure" "llply" "laply" 
"simu_sigma2" "f" "R" "fn" "<Anonymous>" ".External2" "optim" "constrOptim" "QML" "func_backtest" "FUN" "lapply" "structure" "llply" "laply" 
"mean" "simu_sigma2" "f" "R" "fn" "<Anonymous>" ".External2" "optim" "constrOptim" "QML" "func_backtest" "FUN" "lapply" "structure" "llply" "laply" 
"simu_sigma2" "f" "R" "constrOptim" "QML" "func_backtest" "FUN" "lapply" "structure" "llply" "laply" 
"simu_sigma2" "f" "R" "fn" "<Anonymous>" ".External2" "optim" "constrOptim" "QML" "func_backtest" "FUN" "lapply" "structure" "llply" "laply" 
"simu_sigma2" "f" "R" "constrOptim" "QML" "func_backtest" "FUN" "lapply" "structure" "llply" "laply" 
"simu_sigma2" "f" "R" "fn" "<Anonymous>" ".External2" "optim" "constrOptim" "QML" "func_backtest" "FUN" "lapply" "structure" "llply" "laply" 
"simu_sigma2" "f" "R" "fn" "<Anonymous>" ".External2" "optim" "constrOptim" "QML" "func_backtest" "FUN" "lapply" "structure" "llply" "laply" 
"simu_sigma2" "f" "R" "fn" "<Anonymous>" ".External2" "optim" "constrOptim" "QML" "func_backtest" "FUN" "lapply" "structure" "llply" "laply" 
"simu_sigma2" "f" "R" "fn" "<Anonymous>" ".External2" "optim" "constrOptim" "QML" "func_backtest" "FUN" "lapply" "structure" "llply" "laply" 
"simu_sigma2" "f" "R" "fn" "<Anonymous>" ".External2" "optim" "constrOptim" "QML" "func_backtest" "FUN" "lapply" "structure" "llply" "laply" 
"simu_sigma2" "f" "R" "fn" "<Anonymous>" ".External2" "optim" "constrOptim" "QML" "func_backtest" "FUN" "lapply" "structure" "llply" "laply" 
"simu_sigma2" "f" "R" "fn" "<Anonymous>" ".External2" "optim" "constrOptim" "QML" "func_backtest" "FUN" "lapply" "structure" "llply" "laply" 
"simu_sigma2" "f" "R" "fn" "<Anonymous>" ".External2" "optim" "constrOptim" "QML" "func_backtest" "FUN" "lapply" "structure" "llply" "laply" 
"simu_sigma2" "f" "R" "fn" "<Anonymous>" ".External2" "optim" "constrOptim" "QML" "func_backtest" "FUN" "lapply" "structure" "llply" "laply" 
"simulation_rendements_avec_changement_GARCH" "FUN" "lapply" "structure" "llply" "laply" 
"simu_sigma2" "f" "R" "fn" "<Anonymous>" ".External2" "optim" "constrOptim" "QML" "func_backtest" "FUN" "lapply" "structure" "llply" "laply" 
"simu_sigma2" "f" "R" "fn" "<Anonymous>" ".External2" "optim" "constrOptim" "QML" "func_backtest" "FUN" "lapply" "structure" "llply" "laply" 
"f" "R" "fn" "<Anonymous>" ".External2" "optim" "constrOptim" "QML" "func_backtest" "FUN" "lapply" "structure" "llply" "laply" 
"simu_sigma2" "f" "R" "fn" "<Anonymous>" ".External2" "optim" "constrOptim" "QML" "func_backtest" "FUN" "lapply" "structure" "llply" "laply" 
"simu_sigma2" "f" "R" "fn" "<Anonymous>" ".External2" "optim" "constrOptim" "QML" "func_backtest" "FUN" "lapply" "structure" "llply" "laply" 
"simu_sigma2" "f" "R" "fn" "<Anonymous>" ".External2" "optim" "constrOptim" "QML" "func_backtest" "FUN" "lapply" "structure" "llply" "laply" 
"simu_sigma2" "f" "R" "fn" "<Anonymous>" ".External2" "optim" "constrOptim" "QML" "func_backtest" "FUN" "lapply" "structure" "llply" "laply" 
"simu_sigma2" "f" "R" "fn" "<Anonymous>" ".External2" "optim" "constrOptim" "QML" "func_backtest" "FUN" "lapply" "structure" "llply" "laply" 
"simu_sigma2" "f" "R" "fn" "<Anonymous>" ".External2" "optim" "constrOptim" "QML" "func_backtest" "FUN" "lapply" "structure" "llply" "laply" 
"simulation_rendements_avec_changement_GARCH" "FUN" "lapply" "structure" "llply" "laply" 
"simu_sigma2" "f" "R" "fn" "<Anonymous>" ".External2" "optim" "constrOptim" "QML" "func_backtest" "FUN" "lapply" "structure" "llply" "laply" 
"simu_sigma2" "f" "R" "fn" "<Anonymous>" ".External2" "optim" "constrOptim" "QML" "func_backtest" "FUN" "lapply" "structure" "llply" "laply" 
"simu_sigma2" "f" "R" "fn" "<Anonymous>" ".External2" "optim" "constrOptim" "QML" "func_backtest" "FUN" "lapply" "structure" "llply" "laply" 
"simu_sigma2" "f" "R" "fn" "<Anonymous>" ".External2" "optim" "constrOptim" "QML" "func_backtest" "FUN" "lapply" "structure" "llply" "laply" 
"simu_sigma2" "f" "R" "fn" "<Anonymous>" ".External2" "optim" "constrOptim" "QML" "func_backtest" "FUN" "lapply" "structure" "llply" "laply" 
"simu_sigma2" "f" "R" "fn" "<Anonymous>" ".External2" "optim" "constrOptim" "QML" "func_backtest" "FUN" "lapply" "structure" "llply" "laply" 
"simu_sigma2" "f" "R" "fn" "<Anonymous>" ".External2" "optim" "constrOptim" "QML" "func_backtest" "FUN" "lapply" "structure" "llply" "laply" 
"simu_sigma2" "f" "R" "fn" "<Anonymous>" ".External2" "optim" "constrOptim" "QML" "func_backtest" "FUN" "lapply" "structure" "llply" "laply" 
"simu_sigma2" "f" "R" "fn" "<Anonymous>" ".External2" "optim" "constrOptim" "QML" "func_backtest" "FUN" "lapply" "structure" "llply" "laply" 
"R" "fn" "<Anonymous>" ".External2" "optim" "constrOptim" "QML" "func_backtest" "FUN" "lapply" "structure" "llply" "laply" 
"simu_sigma2" "f" "R" "fn" "<Anonymous>" ".External2" "optim" "constrOptim" "QML" "func_backtest" "FUN" "lapply" "structure" "llply" "laply" 
"simu_sigma2" "f" "R" "fn" "<Anonymous>" ".External2" "optim" "constrOptim" "QML" "func_backtest" "FUN" "lapply" "structure" "llply" "laply" 
"simu_sigma2" "f" "R" "fn" "<Anonymous>" ".External2" "optim" "constrOptim" "QML" "func_backtest" "FUN" "lapply" "structure" "llply" "laply" 
"simu_sigma2" "f" "R" "fn" "<Anonymous>" ".External2" "optim" "constrOptim" "QML" "func_backtest" "FUN" "lapply" "structure" "llply" "laply" 
"simu_sigma2" "f" "R" "fn" "<Anonymous>" ".External2" "optim" "constrOptim" "QML" "func_backtest" "FUN" "lapply" "structure" "llply" "laply" 
"fn" "<Anonymous>" ".External2" "optim" "constrOptim" "QML" "func_backtest" "FUN" "lapply" "structure" "llply" "laply" 
"simu_sigma2" "f" "R" "fn" "<Anonymous>" ".External2" "optim" "constrOptim" "QML" "func_backtest" "FUN" "lapply" "structure" "llply" "laply" 
"simu_sigma2" "f" "R" "fn" "<Anonymous>" ".External2" "optim" "constrOptim" "QML" "func_backtest" "FUN" "lapply" "structure" "llply" "laply" 
"simu_sigma2" "f" "R" "fn" "<Anonymous>" ".External2" "optim" "constrOptim" "QML" "func_backtest" "FUN" "lapply" "structure" "llply" "laply" 
"f" "R" "fn" "<Anonymous>" ".External2" "optim" "constrOptim" "QML" "func_backtest" "FUN" "lapply" "structure" "llply" "laply" 
"simu_sigma2" "f" "R" "fn" "<Anonymous>" ".External2" "optim" "constrOptim" "QML" "func_backtest" "FUN" "lapply" "structure" "llply" "laply" 
"f" "R" "fn" "<Anonymous>" ".External2" "optim" "constrOptim" "QML" "func_backtest" "FUN" "lapply" "structure" "llply" "laply" 
"simu_sigma2" "f" "R" "fn" "<Anonymous>" ".External2" "optim" "constrOptim" "QML" "func_backtest" "FUN" "lapply" "structure" "llply" "laply" 
"simu_sigma2" "f" "R" "fn" "<Anonymous>" ".External2" "optim" "constrOptim" "QML" "func_backtest" "FUN" "lapply" "structure" "llply" "laply" 
"simu_sigma2" "f" "R" "fn" "<Anonymous>" ".External2" "optim" "constrOptim" "QML" "func_backtest" "FUN" "lapply" "structure" "llply" "laply" 
"f" "R" "fn" "<Anonymous>" ".External2" "optim" "constrOptim" "QML" "func_backtest" "FUN" "lapply" "structure" "llply" "laply" 
"sys.parent" "sys.function" "formals" "match.arg" "optim" "constrOptim" "QML" "func_backtest" "FUN" "lapply" "structure" "llply" "laply" 
"sum" "f" "R" "fn" "<Anonymous>" ".External2" "optim" "constrOptim" "QML" "func_backtest" "FUN" "lapply" "structure" "llply" "laply" 
"simu_sigma2" "f" "R" "fn" "<Anonymous>" ".External2" "optim" "constrOptim" "QML" "func_backtest" "FUN" "lapply" "structure" "llply" "laply" 
"simu_sigma2" "f" "R" "fn" "<Anonymous>" ".External2" "optim" "constrOptim" "QML" "func_backtest" "FUN" "lapply" "structure" "llply" "laply" 
"simu_sigma2" "f" "R" "fn" "<Anonymous>" ".External2" "optim" "constrOptim" "QML" "func_backtest" "FUN" "lapply" "structure" "llply" "laply" 
"simu_sigma2" "f" "R" "fn" "<Anonymous>" ".External2" "optim" "constrOptim" "QML" "func_backtest" "FUN" "lapply" "structure" "llply" "laply" 
"simu_sigma2" "f" "R" "fn" "<Anonymous>" ".External2" "optim" "constrOptim" "QML" "func_backtest" "FUN" "lapply" "structure" "llply" "laply" 
"simu_sigma2" "f" "R" "fn" "<Anonymous>" ".External2" "optim" "constrOptim" "QML" "func_backtest" "FUN" "lapply" "structure" "llply" "laply" 
"simu_sigma2" "f" "R" "fn" "<Anonymous>" ".External2" "optim" "constrOptim" "QML" "func_backtest" "FUN" "lapply" "structure" "llply" "laply" 
"simu_sigma2" "f" "R" "fn" "<Anonymous>" ".External2" "optim" "constrOptim" "QML" "func_backtest" "FUN" "lapply" "structure" "llply" "laply" 
"simu_sigma2" "f" "R" "fn" "<Anonymous>" ".External2" "optim" "constrOptim" "QML" "func_backtest" "FUN" "lapply" "structure" "llply" "laply" 
"simu_sigma2" "f" "R" "fn" "<Anonymous>" ".External2" "optim" "constrOptim" "QML" "func_backtest" "FUN" "lapply" "structure" "llply" "laply" 
"simu_sigma2" "f" "R" "fn" "<Anonymous>" ".External2" "optim" "constrOptim" "QML" "func_backtest" "FUN" "lapply" "structure" "llply" "laply" 
"f" "R" "fn" "<Anonymous>" ".External2" "optim" "constrOptim" "QML" "func_backtest" "FUN" "lapply" "structure" "llply" "laply" 
"simu_sigma2" "f" "R" "fn" "<Anonymous>" ".External2" "optim" "constrOptim" "QML" "func_backtest" "FUN" "lapply" "structure" "llply" "laply" 
"simu_sigma2" "f" "R" "fn" "<Anonymous>" ".External2" "optim" "constrOptim" "QML" "func_backtest" "FUN" "lapply" "structure" "llply" "laply" 
"simu_sigma2" "f" "R" "fn" "<Anonymous>" ".External2" "optim" "constrOptim" "QML" "func_backtest" "FUN" "lapply" "structure" "llply" "laply" 
"f" "R" "fn" "<Anonymous>" ".External2" "optim" "constrOptim" "QML" "func_backtest" "FUN" "lapply" "structure" "llply" "laply" 
"simu_sigma2" "f" "R" "fn" "<Anonymous>" ".External2" "optim" "constrOptim" "QML" "func_backtest" "FUN" "lapply" "structure" "llply" "laply" 
"simu_sigma2" "f" "R" "fn" "<Anonymous>" ".External2" "optim" "constrOptim" "QML" "func_backtest" "FUN" "lapply" "structure" "llply" "laply" 
"simu_sigma2" "f" "R" "fn" "<Anonymous>" ".External2" "optim" "constrOptim" "QML" "func_backtest" "FUN" "lapply" "structure" "llply" "laply" 
"simu_sigma2" "f" "R" "fn" "<Anonymous>" ".External2" "optim" "constrOptim" "QML" "func_backtest" "FUN" "lapply" "structure" "llply" "laply" 
"f" "R" "fn" "<Anonymous>" ".External2" "optim" "constrOptim" "QML" "func_backtest" "FUN" "lapply" "structure" "llply" "laply" 
"simu_sigma2" "f" "R" "fn" "<Anonymous>" ".External2" "optim" "constrOptim" "QML" "func_backtest" "FUN" "lapply" "structure" "llply" "laply" 
"simu_sigma2" "f" "R" "fn" "<Anonymous>" ".External2" "optim" "constrOptim" "QML" "func_backtest" "FUN" "lapply" "structure" "llply" "laply" 
"simu_sigma2" "f" "R" "fn" "<Anonymous>" ".External2" "optim" "constrOptim" "QML" "func_backtest" "FUN" "lapply" "structure" "llply" "laply" 
"simu_sigma2" "f" "R" "fn" "<Anonymous>" ".External2" "optim" "constrOptim" "QML" "func_backtest" "FUN" "lapply" "structure" "llply" "laply" 
"simu_sigma2" "f" "R" "fn" "<Anonymous>" ".External2" "optim" "constrOptim" "QML" "func_backtest" "FUN" "lapply" "structure" "llply" "laply" 
"simu_sigma2" "f" "R" "fn" "<Anonymous>" ".External2" "optim" "constrOptim" "QML" "func_backtest" "FUN" "lapply" "structure" "llply" "laply" 
"simu_sigma2" "f" "R" "fn" "<Anonymous>" ".External2" "optim" "constrOptim" "QML" "func_backtest" "FUN" "lapply" "structure" "llply" "laply" 
"R" "fn" "<Anonymous>" ".External2" "optim" "constrOptim" "QML" "func_backtest" "FUN" "lapply" "structure" "llply" "laply" 
"simu_sigma2" "f" "R" "fn" "<Anonymous>" ".External2" "optim" "constrOptim" "QML" "func_backtest" "FUN" "lapply" "structure" "llply" "laply" 
"simu_sigma2" "f" "R" "fn" "<Anonymous>" ".External2" "optim" "constrOptim" "QML" "func_backtest" "FUN" "lapply" "structure" "llply" "laply" 
".External2" "FUN" "lapply" "scales_add_defaults" "compute_aesthetics" "l$compute_aesthetics" "f" "withCallingHandlers" "doTryCatch" "tryCatchOne" "tryCatchList" "tryCatch" ".External" "try_fetch" "by_layer" "ggplot_build.ggplot" "ggplot_build" "print.ggplot" "<Anonymous>" 
"iconv" "tools:::.parse_CITATION_file" "utils:::readCitationFile" ".Call" "<Anonymous>" "do.call" "callFun" "<Anonymous>" "get_data" "detect_new" "rstudio$detect" "num_ansi_colors" "...elt" "stopifnot" "make_ansi_style" "create_formatter" "merge_embedded_styles" "clii__container_start" ".transformer" "%||%" "<Anonymous>" "glue" ".transformer" "%||%" "<Anonymous>" "glue" "FUN" "lapply" "clii__inline" "app$inline" "clii__xtext" "app$xtext" "clii_text" "app$text" "FUN" "lapply" "clii_bullets" "<Anonymous>" "do.call" "cli__fmt" "cli_fmt" "format_warning" "validate_signal_args" "rlang::warn" "cli::cli_warn" "compute_panel" "self$compute_panel" ".External2" "inject" "withCallingHandlers" "doTryCatch" "tryCatchOne" "tryCatchList" "tryCatch" ".External" "try_fetch" "fun" "apply_fun" "dapply" "compute_layer" "<Anonymous>" "compute_statistic" "l$compute_statistic" "f" "withCallingHandlers" "doTryCatch" "tryCatchOne" "tryCatchList" "tryCatch" ".External" "try_fetch" "by_layer" "ggplot_build.ggplot" "ggplot_build" "print.ggplot" "<Anonymous>" 
"findCenvVar" "findVar" "cmpSym" "cmp" "h" "tryInline" "cmpCall" "cmp" "cmpIs" "h" "tryInline" "cmpCall" "cmp" "cmpPrim1" "h" "tryInline" "cmpCall" "cmp" "h" "tryInline" "cmpCall" "cmp" "h" "tryInline" "cmpCall" "cmp" "cmpForBody" "h" "tryInline" "cmpCall" "cmp" "h" "tryInline" "cmpCall" "cmp" "h" "tryInline" "cmpCall" "cmp" "h" "tryInline" "cmpCall" "cmp" "genCode" "cmpfun" "doTryCatch" "tryCatchOne" "tryCatchList" "tryCatch" "compiler:::tryCmpfun" "orig_fmt" "FUN" "vapply" "vcapply" "inline_generic" "inline_collapse" ".transformer" "%||%" "<Anonymous>" "glue" ".transformer" "%||%" "<Anonymous>" "glue" "FUN" "lapply" "clii__inline" "app$inline" "clii__xtext" "app$xtext" "clii_text" "app$text" "FUN" "lapply" "clii_bullets" "<Anonymous>" "do.call" "cli__fmt" "cli_fmt" "format_warning" "validate_signal_args" "rlang::warn" "cli::cli_warn" "compute_panel" "self$compute_panel" ".External2" "inject" "withCallingHandlers" "doTryCatch" "tryCatchOne" "tryCatchList" "tryCatch" ".External" "try_fetch" "fun" "apply_fun" "dapply" "compute_layer" "<Anonymous>" "compute_statistic" "l$compute_statistic" "f" "withCallingHandlers" "doTryCatch" "tryCatchOne" "tryCatchList" "tryCatch" ".External" "try_fetch" "by_layer" "ggplot_build.ggplot" "ggplot_build" "print.ggplot" "<Anonymous>" 
"format" "as.character.person" "as.character" "as.character" "grepl" "FUN" "vapply" "<Anonymous>" "do.call" "FUN" "lapply" "bibentry" "eval" "eval" "utils:::readCitationFile" ".Call" "<Anonymous>" "do.call" "callFun" "<Anonymous>" "get_data" "detect_new" "rstudio$detect" "console_width" "clii__get_width" "app$get_width" "base::strwrap" "ansi_strwrap" "clii__xtext" "app$xtext" "clii_text" "app$text" "FUN" "lapply" "clii_bullets" "<Anonymous>" "do.call" "cli__fmt" "cli_fmt" "format_warning" "validate_signal_args" "rlang::warn" "cli::cli_warn" "compute_panel" "self$compute_panel" ".External2" "inject" "withCallingHandlers" "doTryCatch" "tryCatchOne" "tryCatchList" "tryCatch" ".External" "try_fetch" "fun" "apply_fun" "dapply" "compute_layer" "<Anonymous>" "compute_statistic" "l$compute_statistic" "f" "withCallingHandlers" "doTryCatch" "tryCatchOne" "tryCatchList" "tryCatch" ".External" "try_fetch" "by_layer" "ggplot_build.ggplot" "ggplot_build" "print.ggplot" "<Anonymous>" 
"file" "parse" "tools:::.parse_CITATION_file" "utils:::readCitationFile" ".Call" "<Anonymous>" "do.call" "callFun" "<Anonymous>" "get_data" "detect_new" "rstudio$detect" "console_width" "clii__get_width" "app$get_width" "base::strwrap" "ansi_strwrap" "clii__xtext" "app$xtext" "clii_text" "app$text" "FUN" "lapply" "clii_bullets" "<Anonymous>" "do.call" "cli__fmt" "cli_fmt" "format_warning" "validate_signal_args" "rlang::warn" "cli::cli_warn" "compute_panel" "self$compute_panel" ".External2" "inject" "withCallingHandlers" "doTryCatch" "tryCatchOne" "tryCatchList" "tryCatch" ".External" "try_fetch" "fun" "apply_fun" "dapply" "compute_layer" "<Anonymous>" "compute_statistic" "l$compute_statistic" "f" "withCallingHandlers" "doTryCatch" "tryCatchOne" "tryCatchList" "tryCatch" ".External" "try_fetch" "by_layer" "ggplot_build.ggplot" "ggplot_build" "print.ggplot" "<Anonymous>" 
"gzfile" "readRDS" "packageDescription" "withCallingHandlers" "suppressWarnings" "utils::packageVersion" ".rlang_cli_compat" ".rlang_cli_format_fallback" "cnd_message_info" "rlang::warn" "cli::cli_warn" "compute_panel" "self$compute_panel" ".External2" "inject" "withCallingHandlers" "doTryCatch" "tryCatchOne" "tryCatchList" "tryCatch" ".External" "try_fetch" "fun" "apply_fun" "dapply" "compute_layer" "<Anonymous>" "compute_statistic" "l$compute_statistic" "f" "withCallingHandlers" "doTryCatch" "tryCatchOne" "tryCatchList" "tryCatch" ".External" "try_fetch" "by_layer" "ggplot_build.ggplot" "ggplot_build" "print.ggplot" "<Anonymous>" 
"enexpr" "inject" "make_proto_method" "$.ggproto" "$" "break_positions_minor" "<Anonymous>" "as.vector" "setdiff" "guide_grid" "render_bg" "<Anonymous>" "FUN" "lapply" "render" "layout$render" "ggplot_gtable.ggplot_built" "ggplot_gtable" "print.ggplot" "<Anonymous>" 
"$<-" "pushedvp" "grid.Call.graphics" "push.vp.viewport" "push.vp" "push.vp.vpTree" "FUN" "lapply" "pushViewport" "pushgrobvp.viewport" "pushgrobvp" "pushvpgp" "preDraw.gTree" "<Anonymous>" "grid.Call.graphics" "push.vp.viewport" "FUN" "lapply" "pushViewport" "pushgrobvp.viewport" "pushgrobvp" "pushvpgp" "preDraw.gTree" "preDraw" "drawGTree" "recordGraphics" "grid.draw.gTree" "grid.draw" "print.ggplot" "<Anonymous>" 
"grid.Call.graphics" "drawDetails.text" "drawDetails" "drawGrob" "recordGraphics" "grid.draw.grob" "grid.draw" "drawGTree" "recordGraphics" "grid.draw.gTree" "grid.draw" "drawGTree" "recordGraphics" "grid.draw.gTree" "grid.draw" "drawGTree" "recordGraphics" "grid.draw.gTree" "grid.draw" "drawGTree" "recordGraphics" "grid.draw.gTree" "NextMethod" "grid.draw.absoluteGrob" "grid.draw" "drawGTree" "recordGraphics" "grid.draw.gTree" "grid.draw" "drawGTree" "recordGraphics" "grid.draw.gTree" "grid.draw" "print.ggplot" "<Anonymous>" 
"dim" "dim" "ifelse" "paste" ".rs.valueDescriptionImpl" "doTryCatch" "tryCatchOne" "tryCatchList" "tryCatch" ".rs.valueDescription" ".rs.describeObject" 
"topenv" "getPackageName" "isTRUE" "getClassDef" "is" ".rs.valueDescriptionImpl" "doTryCatch" "tryCatchOne" "tryCatchList" "tryCatch" ".rs.valueDescription" ".rs.describeObject" 
"save" ".rs.saveGraphics" 
"save" ".rs.saveGraphics" 
"<Anonymous>" ".Call" "doTryCatch" "tryCatchOne" "tryCatchList" "tryCatch" ".rs.GEcopyDisplayList" 
"numnotnull" "validGP" "set.gpar" "push.vp.viewport" "FUN" "lapply" "pushViewport" "pushgrobvp.viewport" "pushgrobvp" "pushvpgp" "preDraw.gTree" "preDraw" "drawGTree" "recordGraphics" "grid.draw.gTree" "grid.draw" "drawGTree" "recordGraphics" "grid.draw.gTree" "grid.draw" "drawGTree" "recordGraphics" "grid.draw.gTree" "NextMethod" "grid.draw.absoluteGrob" "grid.draw" "drawGTree" "recordGraphics" "grid.draw.gTree" "grid.draw" "drawGTree" ".Call" "doTryCatch" "tryCatchOne" "tryCatchList" "tryCatch" ".rs.GEcopyDisplayList" 
"set.gpar" "pushvpgp" "preDraw.grob" "preDraw" "drawGrob" "recordGraphics" "grid.draw.grob" "grid.draw" "drawGTree" "recordGraphics" "grid.draw.gTree" "grid.draw" "drawGTree" "recordGraphics" "grid.draw.gTree" "grid.draw" "drawGTree" "recordGraphics" "grid.draw.gTree" "grid.draw" "drawGTree" ".Call" "doTryCatch" "tryCatchOne" "tryCatchList" "tryCatch" ".rs.GEcopyDisplayList" 
"grid.Call.graphics" "push.vp.viewport" "push.vp" "push.vp.vpTree" "FUN" "lapply" "pushViewport" "pushgrobvp.viewport" "pushgrobvp" "pushvpgp" "preDraw.gTree" "<Anonymous>" "grid.Call.graphics" "push.vp.viewport" "FUN" "lapply" "pushViewport" "pushgrobvp.viewport" "pushgrobvp" "pushvpgp" "preDraw.gTree" "preDraw" "drawGTree" "recordGraphics" "grid.draw.gTree" "grid.draw" "drawGTree" "recordGraphics" "grid.draw.gTree" "grid.draw" "drawGTree" "recordGraphics" "grid.draw.gTree" "grid.draw" "drawGTree" "recordGraphics" "grid.draw.gTree" "grid.draw" "drawGTree" "recordGraphics" "grid.draw.gTree" "grid.draw" "drawGTree" "recordGraphics" "grid.draw.gTree" "grid.draw" "drawGTree" ".Call" "doTryCatch" "tryCatchOne" "tryCatchList" "tryCatch" ".rs.GEcopyDisplayList" 
